AA
AB
Ac
AC
ad
AF
Ag
ah
AI
AK
Al
AL
am
Am
AM
an
AP
Ar
AR
as
As
at
At
Au
Av
AV
aw
ax
ay
AZ
Ba
BA
BB
BC
be
Be
Bi
Bk
BM
BO
BP
Br
BS
by
ca
Ca
CA
CB
cc
Cd
CD
cf
Cf
ch
Ci
Cl
cm
Cm
Co
CO
Cr
cs
Cs
ct
CT
cu
Cu
DA
dB
DC
dd
DD
DE
Di
DJ
do
DP
Dr
dz
ea
EC
ed
Ed
eh
em
Er
ER
es
Es
ET
Eu
ex
fa
Fe
fl
FL
Fm
FM
fr
Fr
ft
Ga
GA
GB
Gd
Ge
GE
GI
gm
GM
go
GP
gr
gs
ha
he
He
Hf
HF
Hg
hi
HI
ho
Ho
hp
HP
HQ
hr
HR
HS
ht
Hz
IA
id
ID
IE
if
ii
IL
in
In
IN
Io
IP
IQ
Ir
is
it
It
iv
IV
ix
Jo
JP
Jr
JV
kc
kg
km
KO
KP
Kr
ks
Ks
KS
kW
KY
la
La
LA
lb
Le
LG
Li
Ln
lo
LP
Lr
ls
Lt
Lu
ma
MA
Mb
MB
MC
Md
MD
me
ME
mg
Mg
mi
MI
ml
mm
Mn
MN
mo
Mo
MO
MP
Mr
ms
Ms
MS
Mt
MT
mu
my
Na
Nb
NB
NC
Nd
ND
Ne
NE
NH
Ni
NJ
NM
no
Np
NT
nu
NV
NW
NY
NZ
Ob
OD
OE
of
oh
OH
OJ
OK
on
op
or
OR
Os
OS
OT
ow
ox
oz
Oz
pa
Pa
PA
Pb
PC
pd
Pd
PD
PE
pg
PG
pH
pi
pl
Pl
Pm
PM
Po
PO
pp
PP
PR
PS
pt
Pt
Pu
PX
QA
qt
Ra
Rb
Rd
RD
re
Re
Rh
RI
rm
Rn
RN
RR
rs
Ru
RV
Rx
Sb
Sc
SC
SD
Se
SE
SF
sh
Si
Sm
Sn
so
SO
sq
Sq
Sr
SS
St
SW
Ta
TA
Tb
TB
Tc
TD
Th
ti
Ti
Tl
Tm
TM
TN
to
ts
TV
TX
Ty
uh
UK
um
UN
up
Ur
us
US
UT
UV
Va
VA
VD
vi
VI
VJ
VP
vs
VT
WA
WC
we
WI
wk
Wm
wt
Wu
WV
WY
Xe
xi
XL
XS
xv
xx
Yb
yd
ye
yo
yr
Zn
Zr
